<?xml version="1.0" encoding="UTF-8"?>
<testsuite name="com.example.android.tvleanback.VideoDbUnitTest" tests="2" skipped="0" failures="2" errors="0" timestamp="2018-07-17T05:11:52" hostname="DESKTOP-LB2F9PR" time="64.462">
  <properties/>
  <testcase name="getVideosFromServer" classname="com.example.android.tvleanback.VideoDbUnitTest" time="64.462">
    <failure message="java.lang.RuntimeException: java.lang.RuntimeException: build\intermediates\bundles\debug\AndroidManifest.xml not found or not a file; it should point to your project's AndroidManifest.xml" type="java.lang.RuntimeException">java.lang.RuntimeException: java.lang.RuntimeException: build\intermediates\bundles\debug\AndroidManifest.xml not found or not a file; it should point to your project's AndroidManifest.xml
	at org.robolectric.RobolectricTestRunner$2.evaluate(RobolectricTestRunner.java:258)
	at org.robolectric.RobolectricTestRunner.runChild(RobolectricTestRunner.java:191)
	at org.robolectric.RobolectricTestRunner.runChild(RobolectricTestRunner.java:56)
	at org.junit.runners.ParentRunner$3.run(ParentRunner.java:290)
	at org.junit.runners.ParentRunner$1.schedule(ParentRunner.java:71)
	at org.junit.runners.ParentRunner.runChildren(ParentRunner.java:288)
	at org.junit.runners.ParentRunner.access$000(ParentRunner.java:58)
	at org.junit.runners.ParentRunner$2.evaluate(ParentRunner.java:268)
	at org.robolectric.RobolectricTestRunner$1.evaluate(RobolectricTestRunner.java:157)
	at org.junit.runners.ParentRunner.run(ParentRunner.java:363)
	at org.gradle.api.internal.tasks.testing.junit.JUnitTestClassExecutor.runTestClass(JUnitTestClassExecutor.java:116)
	at org.gradle.api.internal.tasks.testing.junit.JUnitTestClassExecutor.execute(JUnitTestClassExecutor.java:59)
	at org.gradle.api.internal.tasks.testing.junit.JUnitTestClassExecutor.execute(JUnitTestClassExecutor.java:39)
	at org.gradle.api.internal.tasks.testing.junit.AbstractJUnitTestClassProcessor.processTestClass(AbstractJUnitTestClassProcessor.java:66)
	at org.gradle.api.internal.tasks.testing.SuiteTestClassProcessor.processTestClass(SuiteTestClassProcessor.java:51)
	at sun.reflect.NativeMethodAccessorImpl.invoke0(Native Method)
	at sun.reflect.NativeMethodAccessorImpl.invoke(NativeMethodAccessorImpl.java:62)
	at sun.reflect.DelegatingMethodAccessorImpl.invoke(DelegatingMethodAccessorImpl.java:43)
	at java.lang.reflect.Method.invoke(Method.java:498)
	at org.gradle.internal.dispatch.ReflectionDispatch.dispatch(ReflectionDispatch.java:35)
	at org.gradle.internal.dispatch.ReflectionDispatch.dispatch(ReflectionDispatch.java:24)
	at org.gradle.internal.dispatch.ContextClassLoaderDispatch.dispatch(ContextClassLoaderDispatch.java:32)
	at org.gradle.internal.dispatch.ProxyDispatchAdapter$DispatchingInvocationHandler.invoke(ProxyDispatchAdapter.java:93)
	at com.sun.proxy.$Proxy1.processTestClass(Unknown Source)
	at org.gradle.api.internal.tasks.testing.worker.TestWorker.processTestClass(TestWorker.java:109)
	at sun.reflect.NativeMethodAccessorImpl.invoke0(Native Method)
	at sun.reflect.NativeMethodAccessorImpl.invoke(NativeMethodAccessorImpl.java:62)
	at sun.reflect.DelegatingMethodAccessorImpl.invoke(DelegatingMethodAccessorImpl.java:43)
	at java.lang.reflect.Method.invoke(Method.java:498)
	at org.gradle.internal.dispatch.ReflectionDispatch.dispatch(ReflectionDispatch.java:35)
	at org.gradle.internal.dispatch.ReflectionDispatch.dispatch(ReflectionDispatch.java:24)
	at org.gradle.internal.remote.internal.hub.MessageHubBackedObjectConnection$DispatchWrapper.dispatch(MessageHubBackedObjectConnection.java:146)
	at org.gradle.internal.remote.internal.hub.MessageHubBackedObjectConnection$DispatchWrapper.dispatch(MessageHubBackedObjectConnection.java:128)
	at org.gradle.internal.remote.internal.hub.MessageHub$Handler.run(MessageHub.java:404)
	at org.gradle.internal.concurrent.ExecutorPolicy$CatchAndRecordFailures.onExecute(ExecutorPolicy.java:63)
	at org.gradle.internal.concurrent.ManagedExecutorImpl$1.run(ManagedExecutorImpl.java:46)
	at java.util.concurrent.ThreadPoolExecutor.runWorker(ThreadPoolExecutor.java:1142)
	at java.util.concurrent.ThreadPoolExecutor$Worker.run(ThreadPoolExecutor.java:617)
	at org.gradle.internal.concurrent.ThreadFactoryImpl$ManagedThreadRunnable.run(ThreadFactoryImpl.java:55)
	at java.lang.Thread.run(Thread.java:745)
Caused by: java.lang.RuntimeException: build\intermediates\bundles\debug\AndroidManifest.xml not found or not a file; it should point to your project's AndroidManifest.xml
	at org.robolectric.manifest.AndroidManifest.validate(AndroidManifest.java:122)
	at org.robolectric.manifest.AndroidManifest.getResourcePath(AndroidManifest.java:506)
	at org.robolectric.manifest.AndroidManifest.getIncludedResourcePaths(AndroidManifest.java:512)
	at org.robolectric.RobolectricTestRunner.createAppResourceLoader(RobolectricTestRunner.java:480)
	at org.robolectric.RobolectricTestRunner.getAppResourceLoader(RobolectricTestRunner.java:472)
	at org.robolectric.internal.ParallelUniverse.setUpApplicationState(ParallelUniverse.java:86)
	at org.robolectric.RobolectricTestRunner.setUpApplicationState(RobolectricTestRunner.java:423)
	at org.robolectric.RobolectricTestRunner$2.evaluate(RobolectricTestRunner.java:254)
	... 39 more
</failure>
  </testcase>
  <testcase name="getVideosFromLocalJson" classname="com.example.android.tvleanback.VideoDbUnitTest" time="0.0">
    <failure message="java.util.ServiceConfigurationError: org.robolectric.internal.ShadowProvider: Provider org.robolectric.Shadows not a subtype" type="java.util.ServiceConfigurationError">java.util.ServiceConfigurationError: org.robolectric.internal.ShadowProvider: Provider org.robolectric.Shadows not a subtype
	at java.util.ServiceLoader.fail(ServiceLoader.java:239)
	at java.util.ServiceLoader.access$300(ServiceLoader.java:185)
	at java.util.ServiceLoader$LazyIterator.nextService(ServiceLoader.java:376)
	at java.util.ServiceLoader$LazyIterator.next(ServiceLoader.java:404)
	at java.util.ServiceLoader$1.next(ServiceLoader.java:480)
	at org.robolectric.internal.bytecode.InstrumentationConfiguration$Builder.build(InstrumentationConfiguration.java:151)
	at org.robolectric.RobolectricTestRunner.createClassLoaderConfig(RobolectricTestRunner.java:135)
	at org.robolectric.RobolectricTestRunner.runChild(RobolectricTestRunner.java:189)
	at org.robolectric.RobolectricTestRunner.runChild(RobolectricTestRunner.java:56)
	at org.junit.runners.ParentRunner$3.run(ParentRunner.java:290)
	at org.junit.runners.ParentRunner$1.schedule(ParentRunner.java:71)
	at org.junit.runners.ParentRunner.runChildren(ParentRunner.java:288)
	at org.junit.runners.ParentRunner.access$000(ParentRunner.java:58)
	at org.junit.runners.ParentRunner$2.evaluate(ParentRunner.java:268)
	at org.robolectric.RobolectricTestRunner$1.evaluate(RobolectricTestRunner.java:157)
	at org.junit.runners.ParentRunner.run(ParentRunner.java:363)
	at org.gradle.api.internal.tasks.testing.junit.JUnitTestClassExecutor.runTestClass(JUnitTestClassExecutor.java:116)
	at org.gradle.api.internal.tasks.testing.junit.JUnitTestClassExecutor.execute(JUnitTestClassExecutor.java:59)
	at org.gradle.api.internal.tasks.testing.junit.JUnitTestClassExecutor.execute(JUnitTestClassExecutor.java:39)
	at org.gradle.api.internal.tasks.testing.junit.AbstractJUnitTestClassProcessor.processTestClass(AbstractJUnitTestClassProcessor.java:66)
	at org.gradle.api.internal.tasks.testing.SuiteTestClassProcessor.processTestClass(SuiteTestClassProcessor.java:51)
	at sun.reflect.NativeMethodAccessorImpl.invoke0(Native Method)
	at sun.reflect.NativeMethodAccessorImpl.invoke(NativeMethodAccessorImpl.java:62)
	at sun.reflect.DelegatingMethodAccessorImpl.invoke(DelegatingMethodAccessorImpl.java:43)
	at java.lang.reflect.Method.invoke(Method.java:498)
	at org.gradle.internal.dispatch.ReflectionDispatch.dispatch(ReflectionDispatch.java:35)
	at org.gradle.internal.dispatch.ReflectionDispatch.dispatch(ReflectionDispatch.java:24)
	at org.gradle.internal.dispatch.ContextClassLoaderDispatch.dispatch(ContextClassLoaderDispatch.java:32)
	at org.gradle.internal.dispatch.ProxyDispatchAdapter$DispatchingInvocationHandler.invoke(ProxyDispatchAdapter.java:93)
	at com.sun.proxy.$Proxy1.processTestClass(Unknown Source)
	at org.gradle.api.internal.tasks.testing.worker.TestWorker.processTestClass(TestWorker.java:109)
	at sun.reflect.NativeMethodAccessorImpl.invoke0(Native Method)
	at sun.reflect.NativeMethodAccessorImpl.invoke(NativeMethodAccessorImpl.java:62)
	at sun.reflect.DelegatingMethodAccessorImpl.invoke(DelegatingMethodAccessorImpl.java:43)
	at java.lang.reflect.Method.invoke(Method.java:498)
	at org.gradle.internal.dispatch.ReflectionDispatch.dispatch(ReflectionDispatch.java:35)
	at org.gradle.internal.dispatch.ReflectionDispatch.dispatch(ReflectionDispatch.java:24)
	at org.gradle.internal.remote.internal.hub.MessageHubBackedObjectConnection$DispatchWrapper.dispatch(MessageHubBackedObjectConnection.java:146)
	at org.gradle.internal.remote.internal.hub.MessageHubBackedObjectConnection$DispatchWrapper.dispatch(MessageHubBackedObjectConnection.java:128)
	at org.gradle.internal.remote.internal.hub.MessageHub$Handler.run(MessageHub.java:404)
	at org.gradle.internal.concurrent.ExecutorPolicy$CatchAndRecordFailures.onExecute(ExecutorPolicy.java:63)
	at org.gradle.internal.concurrent.ManagedExecutorImpl$1.run(ManagedExecutorImpl.java:46)
	at java.util.concurrent.ThreadPoolExecutor.runWorker(ThreadPoolExecutor.java:1142)
	at java.util.concurrent.ThreadPoolExecutor$Worker.run(ThreadPoolExecutor.java:617)
	at org.gradle.internal.concurrent.ThreadFactoryImpl$ManagedThreadRunnable.run(ThreadFactoryImpl.java:55)
	at java.lang.Thread.run(Thread.java:745)
</failure>
  </testcase>
  <system-out><![CDATA[[INFO] Unable to find resource 'org.sonatype.oss:oss-parent:pom:7' in repository sonatype (https://oss.sonatype.org/content/groups/public/)
[INFO] Unable to find resource 'org.ow2.asm:asm:pom:5.0.1' in repository sonatype (https://oss.sonatype.org/content/groups/public/)
[INFO] Unable to find resource 'org.ow2.asm:asm-parent:pom:5.0.1' in repository sonatype (https://oss.sonatype.org/content/groups/public/)
[INFO] Unable to find resource 'org.ow2:ow2:pom:1.3' in repository sonatype (https://oss.sonatype.org/content/groups/public/)
[INFO] Unable to find resource 'org.ow2.asm:asm-commons:pom:5.0.1' in repository sonatype (https://oss.sonatype.org/content/groups/public/)
[INFO] Unable to find resource 'org.ow2.asm:asm-tree:pom:5.0.1' in repository sonatype (https://oss.sonatype.org/content/groups/public/)
[INFO] Unable to find resource 'com.google.protobuf:protobuf-java:pom:2.6.1' in repository sonatype (https://oss.sonatype.org/content/groups/public/)
[INFO] Unable to find resource 'com.google:google:pom:1' in repository sonatype (https://oss.sonatype.org/content/groups/public/)
[INFO] Unable to find resource 'com.ximpleware:vtd-xml:pom:2.11' in repository sonatype (https://oss.sonatype.org/content/groups/public/)
[INFO] Unable to find resource 'org.sonatype.oss:oss-parent:pom:4' in repository sonatype (https://oss.sonatype.org/content/groups/public/)
[INFO] Unable to find resource 'com.google.protobuf:protobuf-java:jar:2.6.1' in repository sonatype (https://oss.sonatype.org/content/groups/public/)
[INFO] Unable to find resource 'org.ow2.asm:asm:jar:5.0.1' in repository sonatype (https://oss.sonatype.org/content/groups/public/)
[INFO] Unable to find resource 'com.ximpleware:vtd-xml:jar:2.11' in repository sonatype (https://oss.sonatype.org/content/groups/public/)
[INFO] Unable to find resource 'org.ow2.asm:asm-commons:jar:5.0.1' in repository sonatype (https://oss.sonatype.org/content/groups/public/)
[INFO] Unable to find resource 'org.ow2.asm:asm-tree:jar:5.0.1' in repository sonatype (https://oss.sonatype.org/content/groups/public/)
]]></system-out>
  <system-err><![CDATA[Downloading: org/robolectric/android-all/5.0.0_r2-robolectric-1/android-all-5.0.0_r2-robolectric-1.pom from repository sonatype at https://oss.sonatype.org/content/groups/public/
Transferring 1K from sonatype
Downloading: org/sonatype/oss/oss-parent/7/oss-parent-7.pom from repository sonatype at https://oss.sonatype.org/content/groups/public/
Unable to locate resource in repository
Downloading: org/sonatype/oss/oss-parent/7/oss-parent-7.pom from repository central at http://repo1.maven.org/maven2
Transferring 5K from central
Downloading: org/robolectric/shadows-core/3.1/shadows-core-3.1.pom from repository sonatype at https://oss.sonatype.org/content/groups/public/
Transferring 16K from sonatype
Downloading: org/robolectric/robolectric-shadows/3.1/robolectric-shadows-3.1.pom from repository sonatype at https://oss.sonatype.org/content/groups/public/
Transferring 1K from sonatype
Downloading: org/robolectric/robolectric-parent/3.1/robolectric-parent-3.1.pom from repository sonatype at https://oss.sonatype.org/content/groups/public/
Transferring 12K from sonatype
Downloading: org/robolectric/robolectric-annotations/3.1/robolectric-annotations-3.1.pom from repository sonatype at https://oss.sonatype.org/content/groups/public/
Transferring 1K from sonatype
Downloading: org/robolectric/robolectric-utils/3.1/robolectric-utils-3.1.pom from repository sonatype at https://oss.sonatype.org/content/groups/public/
Transferring 2K from sonatype
Downloading: org/ow2/asm/asm/5.0.1/asm-5.0.1.pom from repository sonatype at https://oss.sonatype.org/content/groups/public/
Unable to locate resource in repository
Downloading: org/ow2/asm/asm/5.0.1/asm-5.0.1.pom from repository central at http://repo1.maven.org/maven2
Transferring 2K from central
Downloading: org/ow2/asm/asm-parent/5.0.1/asm-parent-5.0.1.pom from repository sonatype at https://oss.sonatype.org/content/groups/public/
Unable to locate resource in repository
Downloading: org/ow2/asm/asm-parent/5.0.1/asm-parent-5.0.1.pom from repository central at http://repo1.maven.org/maven2
Transferring 5K from central
Downloading: org/ow2/ow2/1.3/ow2-1.3.pom from repository sonatype at https://oss.sonatype.org/content/groups/public/
Unable to locate resource in repository
Downloading: org/ow2/ow2/1.3/ow2-1.3.pom from repository central at http://repo1.maven.org/maven2
Transferring 9K from central
Downloading: org/ow2/asm/asm-commons/5.0.1/asm-commons-5.0.1.pom from repository sonatype at https://oss.sonatype.org/content/groups/public/
Unable to locate resource in repository
Downloading: org/ow2/asm/asm-commons/5.0.1/asm-commons-5.0.1.pom from repository central at http://repo1.maven.org/maven2
Transferring 2K from central
Downloading: org/ow2/asm/asm-tree/5.0.1/asm-tree-5.0.1.pom from repository sonatype at https://oss.sonatype.org/content/groups/public/
Unable to locate resource in repository
Downloading: org/ow2/asm/asm-tree/5.0.1/asm-tree-5.0.1.pom from repository central at http://repo1.maven.org/maven2
Transferring 2K from central
Downloading: com/google/android/apps/common/testing/accessibility/framework/accessibility-test-framework/2.1/accessibility-test-framework-2.1.pom from repository sonatype at https://oss.sonatype.org/content/groups/public/
Transferring 5K from sonatype
Downloading: org/hamcrest/hamcrest-core/1.3/hamcrest-core-1.3.pom from repository sonatype at https://oss.sonatype.org/content/groups/public/
Transferring 1K from sonatype
Downloading: org/hamcrest/hamcrest-parent/1.3/hamcrest-parent-1.3.pom from repository sonatype at https://oss.sonatype.org/content/groups/public/
Transferring 2K from sonatype
Downloading: org/hamcrest/hamcrest-library/1.3/hamcrest-library-1.3.pom from repository sonatype at https://oss.sonatype.org/content/groups/public/
Transferring 1K from sonatype
Downloading: com/google/protobuf/protobuf-java/2.6.1/protobuf-java-2.6.1.pom from repository sonatype at https://oss.sonatype.org/content/groups/public/
Unable to locate resource in repository
Downloading: com/google/protobuf/protobuf-java/2.6.1/protobuf-java-2.6.1.pom from repository central at http://repo1.maven.org/maven2
Transferring 9K from central
Downloading: com/google/google/1/google-1.pom from repository sonatype at https://oss.sonatype.org/content/groups/public/
Unable to locate resource in repository
Downloading: com/google/google/1/google-1.pom from repository central at http://repo1.maven.org/maven2
Transferring 2K from central
Downloading: org/robolectric/robolectric-resources/3.1/robolectric-resources-3.1.pom from repository sonatype at https://oss.sonatype.org/content/groups/public/
Transferring 2K from sonatype
Downloading: com/ximpleware/vtd-xml/2.11/vtd-xml-2.11.pom from repository sonatype at https://oss.sonatype.org/content/groups/public/
Unable to locate resource in repository
Downloading: com/ximpleware/vtd-xml/2.11/vtd-xml-2.11.pom from repository central at http://repo1.maven.org/maven2
Transferring 1K from central
Downloading: com/ibm/icu/icu4j/53.1/icu4j-53.1.pom from repository sonatype at https://oss.sonatype.org/content/groups/public/
Transferring 5K from sonatype
Downloading: com/google/guava/guava/19.0-rc2/guava-19.0-rc2.pom from repository sonatype at https://oss.sonatype.org/content/groups/public/
Transferring 7K from sonatype
Downloading: com/google/guava/guava-parent/19.0-rc2/guava-parent-19.0-rc2.pom from repository sonatype at https://oss.sonatype.org/content/groups/public/
Transferring 10K from sonatype
Downloading: com/almworks/sqlite4java/sqlite4java/0.282/sqlite4java-0.282.pom from repository sonatype at https://oss.sonatype.org/content/groups/public/
Transferring 3K from sonatype
Downloading: org/sonatype/oss/oss-parent/4/oss-parent-4.pom from repository sonatype at https://oss.sonatype.org/content/groups/public/
Unable to locate resource in repository
Downloading: org/sonatype/oss/oss-parent/4/oss-parent-4.pom from repository central at http://repo1.maven.org/maven2
Transferring 4K from central
Downloading: com/ibm/icu/icu4j/53.1/icu4j-53.1.jar from repository sonatype at https://oss.sonatype.org/content/groups/public/
Downloading: com/almworks/sqlite4java/sqlite4java/0.282/sqlite4java-0.282.jar from repository sonatype at https://oss.sonatype.org/content/groups/public/
Downloading: com/google/android/apps/common/testing/accessibility/framework/accessibility-test-framework/2.1/accessibility-test-framework-2.1.jar from repository sonatype at https://oss.sonatype.org/content/groups/public/
Downloading: com/google/protobuf/protobuf-java/2.6.1/protobuf-java-2.6.1.jar from repository sonatype at https://oss.sonatype.org/content/groups/public/
Downloading: com/google/guava/guava/19.0-rc2/guava-19.0-rc2.jar from repository sonatype at https://oss.sonatype.org/content/groups/public/
Transferring 9482K from sonatype
Transferring 126K from sonatype
Unable to locate resource in repository
Downloading: com/google/protobuf/protobuf-java/2.6.1/protobuf-java-2.6.1.jar from repository central at http://repo1.maven.org/maven2
Transferring 152K from sonatype
Transferring 2256K from sonatype
Transferring 583K from central
Downloading: org/ow2/asm/asm/5.0.1/asm-5.0.1.jar from repository sonatype at https://oss.sonatype.org/content/groups/public/
Downloading: org/hamcrest/hamcrest-core/1.3/hamcrest-core-1.3.jar from repository sonatype at https://oss.sonatype.org/content/groups/public/
Unable to locate resource in repository
Downloading: org/ow2/asm/asm/5.0.1/asm-5.0.1.jar from repository central at http://repo1.maven.org/maven2
Transferring 44K from sonatype
Transferring 52K from central
Downloading: org/robolectric/android-all/5.0.0_r2-robolectric-1/android-all-5.0.0_r2-robolectric-1.jar from repository sonatype at https://oss.sonatype.org/content/groups/public/
Downloading: com/ximpleware/vtd-xml/2.11/vtd-xml-2.11.jar from repository sonatype at https://oss.sonatype.org/content/groups/public/
Transferring 41864K from sonatype
Downloading: org/hamcrest/hamcrest-library/1.3/hamcrest-library-1.3.jar from repository sonatype at https://oss.sonatype.org/content/groups/public/
Unable to locate resource in repository
Downloading: com/ximpleware/vtd-xml/2.11/vtd-xml-2.11.jar from repository central at http://repo1.maven.org/maven2
Downloading: org/ow2/asm/asm-commons/5.0.1/asm-commons-5.0.1.jar from repository sonatype at https://oss.sonatype.org/content/groups/public/
Transferring 623K from central
Unable to locate resource in repository
Downloading: org/ow2/asm/asm-commons/5.0.1/asm-commons-5.0.1.jar from repository central at http://repo1.maven.org/maven2
Transferring 41K from central
Transferring 52K from sonatype
Downloading: org/ow2/asm/asm-tree/5.0.1/asm-tree-5.0.1.jar from repository sonatype at https://oss.sonatype.org/content/groups/public/
Unable to locate resource in repository
Downloading: org/ow2/asm/asm-tree/5.0.1/asm-tree-5.0.1.jar from repository central at http://repo1.maven.org/maven2
Transferring 28K from central
Downloading: org/robolectric/shadows-core/3.1/shadows-core-3.1-21.jar from repository sonatype at https://oss.sonatype.org/content/groups/public/
Transferring 2623K from sonatype
Downloading: org/robolectric/robolectric-annotations/3.1/robolectric-annotations-3.1.jar from repository sonatype at https://oss.sonatype.org/content/groups/public/
Transferring 11K from sonatype
Downloading: org/robolectric/robolectric-utils/3.1/robolectric-utils-3.1.jar from repository sonatype at https://oss.sonatype.org/content/groups/public/
Transferring 50K from sonatype
Downloading: org/robolectric/robolectric-resources/3.1/robolectric-resources-3.1.jar from repository sonatype at https://oss.sonatype.org/content/groups/public/
Transferring 154K from sonatype
java.lang.RuntimeException: build\intermediates\bundles\debug\AndroidManifest.xml not found or not a file; it should point to your project's AndroidManifest.xml
	at org.robolectric.manifest.AndroidManifest.validate(AndroidManifest.java:122)
	at org.robolectric.manifest.AndroidManifest.getResourcePath(AndroidManifest.java:506)
	at org.robolectric.manifest.AndroidManifest.getIncludedResourcePaths(AndroidManifest.java:512)
	at org.robolectric.RobolectricTestRunner.createAppResourceLoader(RobolectricTestRunner.java:480)
	at org.robolectric.RobolectricTestRunner.getAppResourceLoader(RobolectricTestRunner.java:472)
	at org.robolectric.internal.ParallelUniverse.setUpApplicationState(ParallelUniverse.java:86)
	at org.robolectric.RobolectricTestRunner.setUpApplicationState(RobolectricTestRunner.java:423)
	at org.robolectric.RobolectricTestRunner$2.evaluate(RobolectricTestRunner.java:254)
	at org.robolectric.RobolectricTestRunner.runChild(RobolectricTestRunner.java:191)
	at org.robolectric.RobolectricTestRunner.runChild(RobolectricTestRunner.java:56)
	at org.junit.runners.ParentRunner$3.run(ParentRunner.java:290)
	at org.junit.runners.ParentRunner$1.schedule(ParentRunner.java:71)
	at org.junit.runners.ParentRunner.runChildren(ParentRunner.java:288)
	at org.junit.runners.ParentRunner.access$000(ParentRunner.java:58)
	at org.junit.runners.ParentRunner$2.evaluate(ParentRunner.java:268)
	at org.robolectric.RobolectricTestRunner$1.evaluate(RobolectricTestRunner.java:157)
	at org.junit.runners.ParentRunner.run(ParentRunner.java:363)
	at org.gradle.api.internal.tasks.testing.junit.JUnitTestClassExecutor.runTestClass(JUnitTestClassExecutor.java:116)
	at org.gradle.api.internal.tasks.testing.junit.JUnitTestClassExecutor.execute(JUnitTestClassExecutor.java:59)
	at org.gradle.api.internal.tasks.testing.junit.JUnitTestClassExecutor.execute(JUnitTestClassExecutor.java:39)
	at org.gradle.api.internal.tasks.testing.junit.AbstractJUnitTestClassProcessor.processTestClass(AbstractJUnitTestClassProcessor.java:66)
	at org.gradle.api.internal.tasks.testing.SuiteTestClassProcessor.processTestClass(SuiteTestClassProcessor.java:51)
	at sun.reflect.NativeMethodAccessorImpl.invoke0(Native Method)
	at sun.reflect.NativeMethodAccessorImpl.invoke(NativeMethodAccessorImpl.java:62)
	at sun.reflect.DelegatingMethodAccessorImpl.invoke(DelegatingMethodAccessorImpl.java:43)
	at java.lang.reflect.Method.invoke(Method.java:498)
	at org.gradle.internal.dispatch.ReflectionDispatch.dispatch(ReflectionDispatch.java:35)
	at org.gradle.internal.dispatch.ReflectionDispatch.dispatch(ReflectionDispatch.java:24)
	at org.gradle.internal.dispatch.ContextClassLoaderDispatch.dispatch(ContextClassLoaderDispatch.java:32)
	at org.gradle.internal.dispatch.ProxyDispatchAdapter$DispatchingInvocationHandler.invoke(ProxyDispatchAdapter.java:93)
	at com.sun.proxy.$Proxy1.processTestClass(Unknown Source)
	at org.gradle.api.internal.tasks.testing.worker.TestWorker.processTestClass(TestWorker.java:109)
	at sun.reflect.NativeMethodAccessorImpl.invoke0(Native Method)
	at sun.reflect.NativeMethodAccessorImpl.invoke(NativeMethodAccessorImpl.java:62)
	at sun.reflect.DelegatingMethodAccessorImpl.invoke(DelegatingMethodAccessorImpl.java:43)
	at java.lang.reflect.Method.invoke(Method.java:498)
	at org.gradle.internal.dispatch.ReflectionDispatch.dispatch(ReflectionDispatch.java:35)
	at org.gradle.internal.dispatch.ReflectionDispatch.dispatch(ReflectionDispatch.java:24)
	at org.gradle.internal.remote.internal.hub.MessageHubBackedObjectConnection$DispatchWrapper.dispatch(MessageHubBackedObjectConnection.java:146)
	at org.gradle.internal.remote.internal.hub.MessageHubBackedObjectConnection$DispatchWrapper.dispatch(MessageHubBackedObjectConnection.java:128)
	at org.gradle.internal.remote.internal.hub.MessageHub$Handler.run(MessageHub.java:404)
	at org.gradle.internal.concurrent.ExecutorPolicy$CatchAndRecordFailures.onExecute(ExecutorPolicy.java:63)
	at org.gradle.internal.concurrent.ManagedExecutorImpl$1.run(ManagedExecutorImpl.java:46)
	at java.util.concurrent.ThreadPoolExecutor.runWorker(ThreadPoolExecutor.java:1142)
	at java.util.concurrent.ThreadPoolExecutor$Worker.run(ThreadPoolExecutor.java:617)
	at org.gradle.internal.concurrent.ThreadFactoryImpl$ManagedThreadRunnable.run(ThreadFactoryImpl.java:55)
	at java.lang.Thread.run(Thread.java:745)
]]></system-err>
</testsuite>
