<!DOCTYPE html>
<html>
<head>
<meta http-equiv="Content-Type" content="text/html; charset=utf-8"/>
<meta http-equiv="x-ua-compatible" content="IE=edge"/>
<title>Test results - Class com.example.android.tvleanback.VideoDbUnitTest</title>
<link href="../css/base-style.css" rel="stylesheet" type="text/css"/>
<link href="../css/style.css" rel="stylesheet" type="text/css"/>
<script src="../js/report.js" type="text/javascript"></script>
</head>
<body>
<div id="content">
<h1>Class com.example.android.tvleanback.VideoDbUnitTest</h1>
<div class="breadcrumbs">
<a href="../index.html">all</a> &gt; 
<a href="../packages/com.example.android.tvleanback.html">com.example.android.tvleanback</a> &gt; VideoDbUnitTest</div>
<div id="summary">
<table>
<tr>
<td>
<div class="summaryGroup">
<table>
<tr>
<td>
<div class="infoBox" id="tests">
<div class="counter">2</div>
<p>tests</p>
</div>
</td>
<td>
<div class="infoBox" id="failures">
<div class="counter">2</div>
<p>failures</p>
</div>
</td>
<td>
<div class="infoBox" id="ignored">
<div class="counter">0</div>
<p>ignored</p>
</div>
</td>
<td>
<div class="infoBox" id="duration">
<div class="counter">1m4.46s</div>
<p>duration</p>
</div>
</td>
</tr>
</table>
</div>
</td>
<td>
<div class="infoBox failures" id="successRate">
<div class="percent">0%</div>
<p>successful</p>
</div>
</td>
</tr>
</table>
</div>
<div id="tabs">
<ul class="tabLinks">
<li>
<a href="#tab0">Failed tests</a>
</li>
<li>
<a href="#tab1">Tests</a>
</li>
<li>
<a href="#tab2">Standard output</a>
</li>
<li>
<a href="#tab3">Standard error</a>
</li>
</ul>
<div id="tab0" class="tab">
<h2>Failed tests</h2>
<div class="test">
<a name="getVideosFromLocalJson"></a>
<h3 class="failures">getVideosFromLocalJson</h3>
<span class="code">
<pre>java.util.ServiceConfigurationError: org.robolectric.internal.ShadowProvider: Provider org.robolectric.Shadows not a subtype
	at java.util.ServiceLoader.fail(ServiceLoader.java:239)
	at java.util.ServiceLoader.access$300(ServiceLoader.java:185)
	at java.util.ServiceLoader$LazyIterator.nextService(ServiceLoader.java:376)
	at java.util.ServiceLoader$LazyIterator.next(ServiceLoader.java:404)
	at java.util.ServiceLoader$1.next(ServiceLoader.java:480)
	at org.robolectric.internal.bytecode.InstrumentationConfiguration$Builder.build(InstrumentationConfiguration.java:151)
	at org.robolectric.RobolectricTestRunner.createClassLoaderConfig(RobolectricTestRunner.java:135)
	at org.robolectric.RobolectricTestRunner.runChild(RobolectricTestRunner.java:189)
	at org.robolectric.RobolectricTestRunner.runChild(RobolectricTestRunner.java:56)
	at org.junit.runners.ParentRunner$3.run(ParentRunner.java:290)
	at org.junit.runners.ParentRunner$1.schedule(ParentRunner.java:71)
	at org.junit.runners.ParentRunner.runChildren(ParentRunner.java:288)
	at org.junit.runners.ParentRunner.access$000(ParentRunner.java:58)
	at org.junit.runners.ParentRunner$2.evaluate(ParentRunner.java:268)
	at org.robolectric.RobolectricTestRunner$1.evaluate(RobolectricTestRunner.java:157)
	at org.junit.runners.ParentRunner.run(ParentRunner.java:363)
	at org.gradle.api.internal.tasks.testing.junit.JUnitTestClassExecutor.runTestClass(JUnitTestClassExecutor.java:116)
	at org.gradle.api.internal.tasks.testing.junit.JUnitTestClassExecutor.execute(JUnitTestClassExecutor.java:59)
	at org.gradle.api.internal.tasks.testing.junit.JUnitTestClassExecutor.execute(JUnitTestClassExecutor.java:39)
	at org.gradle.api.internal.tasks.testing.junit.AbstractJUnitTestClassProcessor.processTestClass(AbstractJUnitTestClassProcessor.java:66)
	at org.gradle.api.internal.tasks.testing.SuiteTestClassProcessor.processTestClass(SuiteTestClassProcessor.java:51)
	at sun.reflect.NativeMethodAccessorImpl.invoke0(Native Method)
	at sun.reflect.NativeMethodAccessorImpl.invoke(NativeMethodAccessorImpl.java:62)
	at sun.reflect.DelegatingMethodAccessorImpl.invoke(DelegatingMethodAccessorImpl.java:43)
	at java.lang.reflect.Method.invoke(Method.java:498)
	at org.gradle.internal.dispatch.ReflectionDispatch.dispatch(ReflectionDispatch.java:35)
	at org.gradle.internal.dispatch.ReflectionDispatch.dispatch(ReflectionDispatch.java:24)
	at org.gradle.internal.dispatch.ContextClassLoaderDispatch.dispatch(ContextClassLoaderDispatch.java:32)
	at org.gradle.internal.dispatch.ProxyDispatchAdapter$DispatchingInvocationHandler.invoke(ProxyDispatchAdapter.java:93)
	at com.sun.proxy.$Proxy1.processTestClass(Unknown Source)
	at org.gradle.api.internal.tasks.testing.worker.TestWorker.processTestClass(TestWorker.java:109)
	at sun.reflect.NativeMethodAccessorImpl.invoke0(Native Method)
	at sun.reflect.NativeMethodAccessorImpl.invoke(NativeMethodAccessorImpl.java:62)
	at sun.reflect.DelegatingMethodAccessorImpl.invoke(DelegatingMethodAccessorImpl.java:43)
	at java.lang.reflect.Method.invoke(Method.java:498)
	at org.gradle.internal.dispatch.ReflectionDispatch.dispatch(ReflectionDispatch.java:35)
	at org.gradle.internal.dispatch.ReflectionDispatch.dispatch(ReflectionDispatch.java:24)
	at org.gradle.internal.remote.internal.hub.MessageHubBackedObjectConnection$DispatchWrapper.dispatch(MessageHubBackedObjectConnection.java:146)
	at org.gradle.internal.remote.internal.hub.MessageHubBackedObjectConnection$DispatchWrapper.dispatch(MessageHubBackedObjectConnection.java:128)
	at org.gradle.internal.remote.internal.hub.MessageHub$Handler.run(MessageHub.java:404)
	at org.gradle.internal.concurrent.ExecutorPolicy$CatchAndRecordFailures.onExecute(ExecutorPolicy.java:63)
	at org.gradle.internal.concurrent.ManagedExecutorImpl$1.run(ManagedExecutorImpl.java:46)
	at java.util.concurrent.ThreadPoolExecutor.runWorker(ThreadPoolExecutor.java:1142)
	at java.util.concurrent.ThreadPoolExecutor$Worker.run(ThreadPoolExecutor.java:617)
	at org.gradle.internal.concurrent.ThreadFactoryImpl$ManagedThreadRunnable.run(ThreadFactoryImpl.java:55)
	at java.lang.Thread.run(Thread.java:745)
</pre>
</span>
</div>
<div class="test">
<a name="getVideosFromServer"></a>
<h3 class="failures">getVideosFromServer</h3>
<span class="code">
<pre>java.lang.RuntimeException: java.lang.RuntimeException: build\intermediates\bundles\debug\AndroidManifest.xml not found or not a file; it should point to your project's AndroidManifest.xml
	at org.robolectric.RobolectricTestRunner$2.evaluate(RobolectricTestRunner.java:258)
	at org.robolectric.RobolectricTestRunner.runChild(RobolectricTestRunner.java:191)
	at org.robolectric.RobolectricTestRunner.runChild(RobolectricTestRunner.java:56)
	at org.junit.runners.ParentRunner$3.run(ParentRunner.java:290)
	at org.junit.runners.ParentRunner$1.schedule(ParentRunner.java:71)
	at org.junit.runners.ParentRunner.runChildren(ParentRunner.java:288)
	at org.junit.runners.ParentRunner.access$000(ParentRunner.java:58)
	at org.junit.runners.ParentRunner$2.evaluate(ParentRunner.java:268)
	at org.robolectric.RobolectricTestRunner$1.evaluate(RobolectricTestRunner.java:157)
	at org.junit.runners.ParentRunner.run(ParentRunner.java:363)
	at org.gradle.api.internal.tasks.testing.junit.JUnitTestClassExecutor.runTestClass(JUnitTestClassExecutor.java:116)
	at org.gradle.api.internal.tasks.testing.junit.JUnitTestClassExecutor.execute(JUnitTestClassExecutor.java:59)
	at org.gradle.api.internal.tasks.testing.junit.JUnitTestClassExecutor.execute(JUnitTestClassExecutor.java:39)
	at org.gradle.api.internal.tasks.testing.junit.AbstractJUnitTestClassProcessor.processTestClass(AbstractJUnitTestClassProcessor.java:66)
	at org.gradle.api.internal.tasks.testing.SuiteTestClassProcessor.processTestClass(SuiteTestClassProcessor.java:51)
	at sun.reflect.NativeMethodAccessorImpl.invoke0(Native Method)
	at sun.reflect.NativeMethodAccessorImpl.invoke(NativeMethodAccessorImpl.java:62)
	at sun.reflect.DelegatingMethodAccessorImpl.invoke(DelegatingMethodAccessorImpl.java:43)
	at java.lang.reflect.Method.invoke(Method.java:498)
	at org.gradle.internal.dispatch.ReflectionDispatch.dispatch(ReflectionDispatch.java:35)
	at org.gradle.internal.dispatch.ReflectionDispatch.dispatch(ReflectionDispatch.java:24)
	at org.gradle.internal.dispatch.ContextClassLoaderDispatch.dispatch(ContextClassLoaderDispatch.java:32)
	at org.gradle.internal.dispatch.ProxyDispatchAdapter$DispatchingInvocationHandler.invoke(ProxyDispatchAdapter.java:93)
	at com.sun.proxy.$Proxy1.processTestClass(Unknown Source)
	at org.gradle.api.internal.tasks.testing.worker.TestWorker.processTestClass(TestWorker.java:109)
	at sun.reflect.NativeMethodAccessorImpl.invoke0(Native Method)
	at sun.reflect.NativeMethodAccessorImpl.invoke(NativeMethodAccessorImpl.java:62)
	at sun.reflect.DelegatingMethodAccessorImpl.invoke(DelegatingMethodAccessorImpl.java:43)
	at java.lang.reflect.Method.invoke(Method.java:498)
	at org.gradle.internal.dispatch.ReflectionDispatch.dispatch(ReflectionDispatch.java:35)
	at org.gradle.internal.dispatch.ReflectionDispatch.dispatch(ReflectionDispatch.java:24)
	at org.gradle.internal.remote.internal.hub.MessageHubBackedObjectConnection$DispatchWrapper.dispatch(MessageHubBackedObjectConnection.java:146)
	at org.gradle.internal.remote.internal.hub.MessageHubBackedObjectConnection$DispatchWrapper.dispatch(MessageHubBackedObjectConnection.java:128)
	at org.gradle.internal.remote.internal.hub.MessageHub$Handler.run(MessageHub.java:404)
	at org.gradle.internal.concurrent.ExecutorPolicy$CatchAndRecordFailures.onExecute(ExecutorPolicy.java:63)
	at org.gradle.internal.concurrent.ManagedExecutorImpl$1.run(ManagedExecutorImpl.java:46)
	at java.util.concurrent.ThreadPoolExecutor.runWorker(ThreadPoolExecutor.java:1142)
	at java.util.concurrent.ThreadPoolExecutor$Worker.run(ThreadPoolExecutor.java:617)
	at org.gradle.internal.concurrent.ThreadFactoryImpl$ManagedThreadRunnable.run(ThreadFactoryImpl.java:55)
	at java.lang.Thread.run(Thread.java:745)
Caused by: java.lang.RuntimeException: build\intermediates\bundles\debug\AndroidManifest.xml not found or not a file; it should point to your project's AndroidManifest.xml
	at org.robolectric.manifest.AndroidManifest.validate(AndroidManifest.java:122)
	at org.robolectric.manifest.AndroidManifest.getResourcePath(AndroidManifest.java:506)
	at org.robolectric.manifest.AndroidManifest.getIncludedResourcePaths(AndroidManifest.java:512)
	at org.robolectric.RobolectricTestRunner.createAppResourceLoader(RobolectricTestRunner.java:480)
	at org.robolectric.RobolectricTestRunner.getAppResourceLoader(RobolectricTestRunner.java:472)
	at org.robolectric.internal.ParallelUniverse.setUpApplicationState(ParallelUniverse.java:86)
	at org.robolectric.RobolectricTestRunner.setUpApplicationState(RobolectricTestRunner.java:423)
	at org.robolectric.RobolectricTestRunner$2.evaluate(RobolectricTestRunner.java:254)
	... 39 more
</pre>
</span>
</div>
</div>
<div id="tab1" class="tab">
<h2>Tests</h2>
<table>
<thead>
<tr>
<th>Test</th>
<th>Duration</th>
<th>Result</th>
</tr>
</thead>
<tr>
<td class="failures">getVideosFromLocalJson</td>
<td>0s</td>
<td class="failures">failed</td>
</tr>
<tr>
<td class="failures">getVideosFromServer</td>
<td>1m4.46s</td>
<td class="failures">failed</td>
</tr>
</table>
</div>
<div id="tab2" class="tab">
<h2>Standard output</h2>
<span class="code">
<pre>[INFO] Unable to find resource 'org.sonatype.oss:oss-parent:pom:7' in repository sonatype (https://oss.sonatype.org/content/groups/public/)
[INFO] Unable to find resource 'org.ow2.asm:asm:pom:5.0.1' in repository sonatype (https://oss.sonatype.org/content/groups/public/)
[INFO] Unable to find resource 'org.ow2.asm:asm-parent:pom:5.0.1' in repository sonatype (https://oss.sonatype.org/content/groups/public/)
[INFO] Unable to find resource 'org.ow2:ow2:pom:1.3' in repository sonatype (https://oss.sonatype.org/content/groups/public/)
[INFO] Unable to find resource 'org.ow2.asm:asm-commons:pom:5.0.1' in repository sonatype (https://oss.sonatype.org/content/groups/public/)
[INFO] Unable to find resource 'org.ow2.asm:asm-tree:pom:5.0.1' in repository sonatype (https://oss.sonatype.org/content/groups/public/)
[INFO] Unable to find resource 'com.google.protobuf:protobuf-java:pom:2.6.1' in repository sonatype (https://oss.sonatype.org/content/groups/public/)
[INFO] Unable to find resource 'com.google:google:pom:1' in repository sonatype (https://oss.sonatype.org/content/groups/public/)
[INFO] Unable to find resource 'com.ximpleware:vtd-xml:pom:2.11' in repository sonatype (https://oss.sonatype.org/content/groups/public/)
[INFO] Unable to find resource 'org.sonatype.oss:oss-parent:pom:4' in repository sonatype (https://oss.sonatype.org/content/groups/public/)
[INFO] Unable to find resource 'com.google.protobuf:protobuf-java:jar:2.6.1' in repository sonatype (https://oss.sonatype.org/content/groups/public/)
[INFO] Unable to find resource 'org.ow2.asm:asm:jar:5.0.1' in repository sonatype (https://oss.sonatype.org/content/groups/public/)
[INFO] Unable to find resource 'com.ximpleware:vtd-xml:jar:2.11' in repository sonatype (https://oss.sonatype.org/content/groups/public/)
[INFO] Unable to find resource 'org.ow2.asm:asm-commons:jar:5.0.1' in repository sonatype (https://oss.sonatype.org/content/groups/public/)
[INFO] Unable to find resource 'org.ow2.asm:asm-tree:jar:5.0.1' in repository sonatype (https://oss.sonatype.org/content/groups/public/)
</pre>
</span>
</div>
<div id="tab3" class="tab">
<h2>Standard error</h2>
<span class="code">
<pre>Downloading: org/robolectric/android-all/5.0.0_r2-robolectric-1/android-all-5.0.0_r2-robolectric-1.pom from repository sonatype at https://oss.sonatype.org/content/groups/public/
Transferring 1K from sonatype
Downloading: org/sonatype/oss/oss-parent/7/oss-parent-7.pom from repository sonatype at https://oss.sonatype.org/content/groups/public/
Unable to locate resource in repository
Downloading: org/sonatype/oss/oss-parent/7/oss-parent-7.pom from repository central at http://repo1.maven.org/maven2
Transferring 5K from central
Downloading: org/robolectric/shadows-core/3.1/shadows-core-3.1.pom from repository sonatype at https://oss.sonatype.org/content/groups/public/
Transferring 16K from sonatype
Downloading: org/robolectric/robolectric-shadows/3.1/robolectric-shadows-3.1.pom from repository sonatype at https://oss.sonatype.org/content/groups/public/
Transferring 1K from sonatype
Downloading: org/robolectric/robolectric-parent/3.1/robolectric-parent-3.1.pom from repository sonatype at https://oss.sonatype.org/content/groups/public/
Transferring 12K from sonatype
Downloading: org/robolectric/robolectric-annotations/3.1/robolectric-annotations-3.1.pom from repository sonatype at https://oss.sonatype.org/content/groups/public/
Transferring 1K from sonatype
Downloading: org/robolectric/robolectric-utils/3.1/robolectric-utils-3.1.pom from repository sonatype at https://oss.sonatype.org/content/groups/public/
Transferring 2K from sonatype
Downloading: org/ow2/asm/asm/5.0.1/asm-5.0.1.pom from repository sonatype at https://oss.sonatype.org/content/groups/public/
Unable to locate resource in repository
Downloading: org/ow2/asm/asm/5.0.1/asm-5.0.1.pom from repository central at http://repo1.maven.org/maven2
Transferring 2K from central
Downloading: org/ow2/asm/asm-parent/5.0.1/asm-parent-5.0.1.pom from repository sonatype at https://oss.sonatype.org/content/groups/public/
Unable to locate resource in repository
Downloading: org/ow2/asm/asm-parent/5.0.1/asm-parent-5.0.1.pom from repository central at http://repo1.maven.org/maven2
Transferring 5K from central
Downloading: org/ow2/ow2/1.3/ow2-1.3.pom from repository sonatype at https://oss.sonatype.org/content/groups/public/
Unable to locate resource in repository
Downloading: org/ow2/ow2/1.3/ow2-1.3.pom from repository central at http://repo1.maven.org/maven2
Transferring 9K from central
Downloading: org/ow2/asm/asm-commons/5.0.1/asm-commons-5.0.1.pom from repository sonatype at https://oss.sonatype.org/content/groups/public/
Unable to locate resource in repository
Downloading: org/ow2/asm/asm-commons/5.0.1/asm-commons-5.0.1.pom from repository central at http://repo1.maven.org/maven2
Transferring 2K from central
Downloading: org/ow2/asm/asm-tree/5.0.1/asm-tree-5.0.1.pom from repository sonatype at https://oss.sonatype.org/content/groups/public/
Unable to locate resource in repository
Downloading: org/ow2/asm/asm-tree/5.0.1/asm-tree-5.0.1.pom from repository central at http://repo1.maven.org/maven2
Transferring 2K from central
Downloading: com/google/android/apps/common/testing/accessibility/framework/accessibility-test-framework/2.1/accessibility-test-framework-2.1.pom from repository sonatype at https://oss.sonatype.org/content/groups/public/
Transferring 5K from sonatype
Downloading: org/hamcrest/hamcrest-core/1.3/hamcrest-core-1.3.pom from repository sonatype at https://oss.sonatype.org/content/groups/public/
Transferring 1K from sonatype
Downloading: org/hamcrest/hamcrest-parent/1.3/hamcrest-parent-1.3.pom from repository sonatype at https://oss.sonatype.org/content/groups/public/
Transferring 2K from sonatype
Downloading: org/hamcrest/hamcrest-library/1.3/hamcrest-library-1.3.pom from repository sonatype at https://oss.sonatype.org/content/groups/public/
Transferring 1K from sonatype
Downloading: com/google/protobuf/protobuf-java/2.6.1/protobuf-java-2.6.1.pom from repository sonatype at https://oss.sonatype.org/content/groups/public/
Unable to locate resource in repository
Downloading: com/google/protobuf/protobuf-java/2.6.1/protobuf-java-2.6.1.pom from repository central at http://repo1.maven.org/maven2
Transferring 9K from central
Downloading: com/google/google/1/google-1.pom from repository sonatype at https://oss.sonatype.org/content/groups/public/
Unable to locate resource in repository
Downloading: com/google/google/1/google-1.pom from repository central at http://repo1.maven.org/maven2
Transferring 2K from central
Downloading: org/robolectric/robolectric-resources/3.1/robolectric-resources-3.1.pom from repository sonatype at https://oss.sonatype.org/content/groups/public/
Transferring 2K from sonatype
Downloading: com/ximpleware/vtd-xml/2.11/vtd-xml-2.11.pom from repository sonatype at https://oss.sonatype.org/content/groups/public/
Unable to locate resource in repository
Downloading: com/ximpleware/vtd-xml/2.11/vtd-xml-2.11.pom from repository central at http://repo1.maven.org/maven2
Transferring 1K from central
Downloading: com/ibm/icu/icu4j/53.1/icu4j-53.1.pom from repository sonatype at https://oss.sonatype.org/content/groups/public/
Transferring 5K from sonatype
Downloading: com/google/guava/guava/19.0-rc2/guava-19.0-rc2.pom from repository sonatype at https://oss.sonatype.org/content/groups/public/
Transferring 7K from sonatype
Downloading: com/google/guava/guava-parent/19.0-rc2/guava-parent-19.0-rc2.pom from repository sonatype at https://oss.sonatype.org/content/groups/public/
Transferring 10K from sonatype
Downloading: com/almworks/sqlite4java/sqlite4java/0.282/sqlite4java-0.282.pom from repository sonatype at https://oss.sonatype.org/content/groups/public/
Transferring 3K from sonatype
Downloading: org/sonatype/oss/oss-parent/4/oss-parent-4.pom from repository sonatype at https://oss.sonatype.org/content/groups/public/
Unable to locate resource in repository
Downloading: org/sonatype/oss/oss-parent/4/oss-parent-4.pom from repository central at http://repo1.maven.org/maven2
Transferring 4K from central
Downloading: com/ibm/icu/icu4j/53.1/icu4j-53.1.jar from repository sonatype at https://oss.sonatype.org/content/groups/public/
Downloading: com/almworks/sqlite4java/sqlite4java/0.282/sqlite4java-0.282.jar from repository sonatype at https://oss.sonatype.org/content/groups/public/
Downloading: com/google/android/apps/common/testing/accessibility/framework/accessibility-test-framework/2.1/accessibility-test-framework-2.1.jar from repository sonatype at https://oss.sonatype.org/content/groups/public/
Downloading: com/google/protobuf/protobuf-java/2.6.1/protobuf-java-2.6.1.jar from repository sonatype at https://oss.sonatype.org/content/groups/public/
Downloading: com/google/guava/guava/19.0-rc2/guava-19.0-rc2.jar from repository sonatype at https://oss.sonatype.org/content/groups/public/
Transferring 9482K from sonatype
Transferring 126K from sonatype
Unable to locate resource in repository
Downloading: com/google/protobuf/protobuf-java/2.6.1/protobuf-java-2.6.1.jar from repository central at http://repo1.maven.org/maven2
Transferring 152K from sonatype
Transferring 2256K from sonatype
Transferring 583K from central
Downloading: org/ow2/asm/asm/5.0.1/asm-5.0.1.jar from repository sonatype at https://oss.sonatype.org/content/groups/public/
Downloading: org/hamcrest/hamcrest-core/1.3/hamcrest-core-1.3.jar from repository sonatype at https://oss.sonatype.org/content/groups/public/
Unable to locate resource in repository
Downloading: org/ow2/asm/asm/5.0.1/asm-5.0.1.jar from repository central at http://repo1.maven.org/maven2
Transferring 44K from sonatype
Transferring 52K from central
Downloading: org/robolectric/android-all/5.0.0_r2-robolectric-1/android-all-5.0.0_r2-robolectric-1.jar from repository sonatype at https://oss.sonatype.org/content/groups/public/
Downloading: com/ximpleware/vtd-xml/2.11/vtd-xml-2.11.jar from repository sonatype at https://oss.sonatype.org/content/groups/public/
Transferring 41864K from sonatype
Downloading: org/hamcrest/hamcrest-library/1.3/hamcrest-library-1.3.jar from repository sonatype at https://oss.sonatype.org/content/groups/public/
Unable to locate resource in repository
Downloading: com/ximpleware/vtd-xml/2.11/vtd-xml-2.11.jar from repository central at http://repo1.maven.org/maven2
Downloading: org/ow2/asm/asm-commons/5.0.1/asm-commons-5.0.1.jar from repository sonatype at https://oss.sonatype.org/content/groups/public/
Transferring 623K from central
Unable to locate resource in repository
Downloading: org/ow2/asm/asm-commons/5.0.1/asm-commons-5.0.1.jar from repository central at http://repo1.maven.org/maven2
Transferring 41K from central
Transferring 52K from sonatype
Downloading: org/ow2/asm/asm-tree/5.0.1/asm-tree-5.0.1.jar from repository sonatype at https://oss.sonatype.org/content/groups/public/
Unable to locate resource in repository
Downloading: org/ow2/asm/asm-tree/5.0.1/asm-tree-5.0.1.jar from repository central at http://repo1.maven.org/maven2
Transferring 28K from central
Downloading: org/robolectric/shadows-core/3.1/shadows-core-3.1-21.jar from repository sonatype at https://oss.sonatype.org/content/groups/public/
Transferring 2623K from sonatype
Downloading: org/robolectric/robolectric-annotations/3.1/robolectric-annotations-3.1.jar from repository sonatype at https://oss.sonatype.org/content/groups/public/
Transferring 11K from sonatype
Downloading: org/robolectric/robolectric-utils/3.1/robolectric-utils-3.1.jar from repository sonatype at https://oss.sonatype.org/content/groups/public/
Transferring 50K from sonatype
Downloading: org/robolectric/robolectric-resources/3.1/robolectric-resources-3.1.jar from repository sonatype at https://oss.sonatype.org/content/groups/public/
Transferring 154K from sonatype
java.lang.RuntimeException: build\intermediates\bundles\debug\AndroidManifest.xml not found or not a file; it should point to your project's AndroidManifest.xml
	at org.robolectric.manifest.AndroidManifest.validate(AndroidManifest.java:122)
	at org.robolectric.manifest.AndroidManifest.getResourcePath(AndroidManifest.java:506)
	at org.robolectric.manifest.AndroidManifest.getIncludedResourcePaths(AndroidManifest.java:512)
	at org.robolectric.RobolectricTestRunner.createAppResourceLoader(RobolectricTestRunner.java:480)
	at org.robolectric.RobolectricTestRunner.getAppResourceLoader(RobolectricTestRunner.java:472)
	at org.robolectric.internal.ParallelUniverse.setUpApplicationState(ParallelUniverse.java:86)
	at org.robolectric.RobolectricTestRunner.setUpApplicationState(RobolectricTestRunner.java:423)
	at org.robolectric.RobolectricTestRunner$2.evaluate(RobolectricTestRunner.java:254)
	at org.robolectric.RobolectricTestRunner.runChild(RobolectricTestRunner.java:191)
	at org.robolectric.RobolectricTestRunner.runChild(RobolectricTestRunner.java:56)
	at org.junit.runners.ParentRunner$3.run(ParentRunner.java:290)
	at org.junit.runners.ParentRunner$1.schedule(ParentRunner.java:71)
	at org.junit.runners.ParentRunner.runChildren(ParentRunner.java:288)
	at org.junit.runners.ParentRunner.access$000(ParentRunner.java:58)
	at org.junit.runners.ParentRunner$2.evaluate(ParentRunner.java:268)
	at org.robolectric.RobolectricTestRunner$1.evaluate(RobolectricTestRunner.java:157)
	at org.junit.runners.ParentRunner.run(ParentRunner.java:363)
	at org.gradle.api.internal.tasks.testing.junit.JUnitTestClassExecutor.runTestClass(JUnitTestClassExecutor.java:116)
	at org.gradle.api.internal.tasks.testing.junit.JUnitTestClassExecutor.execute(JUnitTestClassExecutor.java:59)
	at org.gradle.api.internal.tasks.testing.junit.JUnitTestClassExecutor.execute(JUnitTestClassExecutor.java:39)
	at org.gradle.api.internal.tasks.testing.junit.AbstractJUnitTestClassProcessor.processTestClass(AbstractJUnitTestClassProcessor.java:66)
	at org.gradle.api.internal.tasks.testing.SuiteTestClassProcessor.processTestClass(SuiteTestClassProcessor.java:51)
	at sun.reflect.NativeMethodAccessorImpl.invoke0(Native Method)
	at sun.reflect.NativeMethodAccessorImpl.invoke(NativeMethodAccessorImpl.java:62)
	at sun.reflect.DelegatingMethodAccessorImpl.invoke(DelegatingMethodAccessorImpl.java:43)
	at java.lang.reflect.Method.invoke(Method.java:498)
	at org.gradle.internal.dispatch.ReflectionDispatch.dispatch(ReflectionDispatch.java:35)
	at org.gradle.internal.dispatch.ReflectionDispatch.dispatch(ReflectionDispatch.java:24)
	at org.gradle.internal.dispatch.ContextClassLoaderDispatch.dispatch(ContextClassLoaderDispatch.java:32)
	at org.gradle.internal.dispatch.ProxyDispatchAdapter$DispatchingInvocationHandler.invoke(ProxyDispatchAdapter.java:93)
	at com.sun.proxy.$Proxy1.processTestClass(Unknown Source)
	at org.gradle.api.internal.tasks.testing.worker.TestWorker.processTestClass(TestWorker.java:109)
	at sun.reflect.NativeMethodAccessorImpl.invoke0(Native Method)
	at sun.reflect.NativeMethodAccessorImpl.invoke(NativeMethodAccessorImpl.java:62)
	at sun.reflect.DelegatingMethodAccessorImpl.invoke(DelegatingMethodAccessorImpl.java:43)
	at java.lang.reflect.Method.invoke(Method.java:498)
	at org.gradle.internal.dispatch.ReflectionDispatch.dispatch(ReflectionDispatch.java:35)
	at org.gradle.internal.dispatch.ReflectionDispatch.dispatch(ReflectionDispatch.java:24)
	at org.gradle.internal.remote.internal.hub.MessageHubBackedObjectConnection$DispatchWrapper.dispatch(MessageHubBackedObjectConnection.java:146)
	at org.gradle.internal.remote.internal.hub.MessageHubBackedObjectConnection$DispatchWrapper.dispatch(MessageHubBackedObjectConnection.java:128)
	at org.gradle.internal.remote.internal.hub.MessageHub$Handler.run(MessageHub.java:404)
	at org.gradle.internal.concurrent.ExecutorPolicy$CatchAndRecordFailures.onExecute(ExecutorPolicy.java:63)
	at org.gradle.internal.concurrent.ManagedExecutorImpl$1.run(ManagedExecutorImpl.java:46)
	at java.util.concurrent.ThreadPoolExecutor.runWorker(ThreadPoolExecutor.java:1142)
	at java.util.concurrent.ThreadPoolExecutor$Worker.run(ThreadPoolExecutor.java:617)
	at org.gradle.internal.concurrent.ThreadFactoryImpl$ManagedThreadRunnable.run(ThreadFactoryImpl.java:55)
	at java.lang.Thread.run(Thread.java:745)
</pre>
</span>
</div>
</div>
<div id="footer">
<p>
<div>
<label class="hidden" id="label-for-line-wrapping-toggle" for="line-wrapping-toggle">Wrap lines
<input id="line-wrapping-toggle" type="checkbox" autocomplete="off"/>
</label>
</div>Generated by 
<a href="http://www.gradle.org">Gradle 4.6</a> at 07 17, 18 1:12:57 PM</p>
</div>
</div>
</body>
</html>
